<?xml version="1.0" encoding="UTF-8"?>
<!-- Generated by org.testng.reporters.JUnitReportReporter -->
<testsuite hostname="Shweta-PC" name="org.shweta.test.ShopPageTest" tests="1" failures="0" timestamp="23 Aug 2015 00:26:56 GMT" time="18.772" errors="0">
  <testcase name="testSortOrder" time="18.772" classname="org.shweta.test.ShopPageTest"/>
</testsuite> <!-- org.shweta.test.ShopPageTest -->
