<?xml version="1.0" encoding="UTF-8"?>
<!-- Generated by org.testng.reporters.JUnitReportReporter -->
<testsuite hostname="Shweta-PC" name="org.shweta.test.LoginTest" tests="1" failures="0" timestamp="23 Aug 2015 01:12:18 GMT" time="35.365" errors="0">
  <testcase name="testLoginSuccessful" time="35.365" classname="org.shweta.test.LoginTest"/>
</testsuite> <!-- org.shweta.test.LoginTest -->
