<?xml version="1.0" encoding="UTF-8"?>
<!-- Generated by org.testng.reporters.JUnitReportReporter -->
<testsuite hostname="Shweta-PC" name="org.shweta.test.ShopPageTest" tests="3" failures="0" timestamp="23 Aug 2015 15:57:40 GMT" time="48.114" errors="0">
  <testcase name="testSortOrder" time="18.334" classname="org.shweta.test.ShopPageTest"/>
  <testcase name="testSortOrder" time="14.876" classname="org.shweta.test.ShopPageTest"/>
  <testcase name="testSortOrder" time="14.904" classname="org.shweta.test.ShopPageTest"/>
</testsuite> <!-- org.shweta.test.ShopPageTest -->
