<?xml version="1.0" encoding="UTF-8"?>
<!-- Generated by org.testng.reporters.JUnitReportReporter -->
<testsuite hostname="Shweta-PC" name="org.shweta.test.LoginTest" tests="3" failures="0" timestamp="23 Aug 2015 15:50:18 GMT" time="63.771" errors="0">
  <testcase name="testLoginSuccessful" time="19.539" classname="org.shweta.test.LoginTest"/>
  <testcase name="testLoginSuccessful" time="21.425" classname="org.shweta.test.LoginTest"/>
  <testcase name="testLoginSuccessful" time="22.807" classname="org.shweta.test.LoginTest"/>
</testsuite> <!-- org.shweta.test.LoginTest -->
