<?xml version="1.0" encoding="UTF-8"?>
<!-- Generated by org.testng.reporters.JUnitReportReporter -->
<testsuite hostname="Shweta-PC" name="org.shweta.test.FlightReservationTest" tests="2" failures="0" timestamp="6 Sep 2015 03:00:21 GMT" time="65.467" errors="0">
  <testcase name="testFlightReservation" time="31.837" classname="org.shweta.test.FlightReservationTest"/>
  <testcase name="testFlightReservation" time="33.630" classname="org.shweta.test.FlightReservationTest"/>
</testsuite> <!-- org.shweta.test.FlightReservationTest -->
