<?xml version="1.0" encoding="UTF-8"?>
<!-- Generated by org.testng.reporters.JUnitReportReporter -->
<testsuite hostname="Shweta-PC" name="org.shweta.test.LoginTest" tests="6" failures="0" timestamp="12 Sep 2015 21:09:31 GMT" time="71.244" errors="0">
  <testcase name="testLoginUnSuccessful" time="11.516" classname="org.shweta.test.LoginTest"/>
  <testcase name="testLoginSuccessful" time="17.877" classname="org.shweta.test.LoginTest"/>
  <testcase name="testLoginUnSuccessful" time="10.196" classname="org.shweta.test.LoginTest"/>
  <testcase name="testLoginSuccessful" time="11.641" classname="org.shweta.test.LoginTest"/>
  <testcase name="testLoginSuccessful" time="10.208" classname="org.shweta.test.LoginTest"/>
  <testcase name="testLoginUnSuccessful" time="9.806" classname="org.shweta.test.LoginTest"/>
</testsuite> <!-- org.shweta.test.LoginTest -->
