<?xml version="1.0" encoding="UTF-8"?>
<!-- Generated by org.testng.reporters.JUnitReportReporter -->
<testsuite hostname="Shweta-PC" name="org.shweta.test.LoginTest" tests="3" failures="0" timestamp="7 Sep 2015 18:09:27 GMT" time="58.692" errors="0">
  <testcase name="testLoginSuccessful" time="15.033" classname="org.shweta.test.LoginTest"/>
  <testcase name="testLoginSuccessful" time="16.328" classname="org.shweta.test.LoginTest"/>
  <testcase name="testLoginSuccessful" time="27.331" classname="org.shweta.test.LoginTest"/>
</testsuite> <!-- org.shweta.test.LoginTest -->
