<?xml version="1.0" encoding="UTF-8"?>
<!-- Generated by org.testng.reporters.JUnitReportReporter -->
<testsuite hostname="Shweta-PC" name="org.shweta.test.ShopPageTest" tests="3" failures="0" timestamp="7 Sep 2015 17:59:18 GMT" time="61.315" errors="0">
  <testcase name="testSortOrder" time="18.432" classname="org.shweta.test.ShopPageTest"/>
  <testcase name="testSortOrder" time="20.544" classname="org.shweta.test.ShopPageTest"/>
  <testcase name="testSortOrder" time="22.339" classname="org.shweta.test.ShopPageTest"/>
</testsuite> <!-- org.shweta.test.ShopPageTest -->
