<?xml version="1.0" encoding="UTF-8"?>
<!-- Generated by org.testng.reporters.JUnitReportReporter -->
<testsuite hostname="Shweta-PC" name="org.shweta.tests.TestNGTestCase1" tests="3" failures="0" timestamp="19 Aug 2015 00:23:38 GMT" time="0.006" errors="0">
  <testcase name="testLoginPage" time="0.002" classname="org.shweta.tests.TestNGTestCase1"/>
  <testcase name="testMyAccountPage" time="0.004" classname="org.shweta.tests.TestNGTestCase1"/>
  <testcase name="testHomePage" time="0.000" classname="org.shweta.tests.TestNGTestCase1"/>
</testsuite> <!-- org.shweta.tests.TestNGTestCase1 -->
