<?xml version="1.0" encoding="UTF-8"?>
<!-- Generated by org.testng.reporters.JUnitReportReporter -->
<testsuite hostname="Shweta-PC" name="org.shweta.tests.IndeedTestNGTests2" tests="4" failures="0" timestamp="19 Aug 2015 00:23:38 GMT" time="35.631" errors="0">
  <testcase name="testLogo" time="7.008" classname="org.shweta.tests.IndeedTestNGTests2"/>
  <testcase name="testJobSearch" time="8.829" classname="org.shweta.tests.IndeedTestNGTests2"/>
  <testcase name="testJobSearch" time="8.475" classname="org.shweta.tests.IndeedTestNGTests2"/>
  <testcase name="testJobSearch" time="11.319" classname="org.shweta.tests.IndeedTestNGTests2"/>
</testsuite> <!-- org.shweta.tests.IndeedTestNGTests2 -->
