<?xml version="1.0" encoding="UTF-8"?>
<!-- Generated by org.testng.reporters.JUnitReportReporter -->
<testsuite hostname="Shweta-PC" name="org.shweta.tests.IndeedTestNGTests" tests="4" failures="0" timestamp="19 Aug 2015 00:23:38 GMT" time="30.887" errors="0">
  <testcase name="testJobSearch" time="7.468" classname="org.shweta.tests.IndeedTestNGTests"/>
  <testcase name="testJobSearch" time="7.196" classname="org.shweta.tests.IndeedTestNGTests"/>
  <testcase name="testLogo" time="7.766" classname="org.shweta.tests.IndeedTestNGTests"/>
  <testcase name="testJobSearch" time="8.457" classname="org.shweta.tests.IndeedTestNGTests"/>
</testsuite> <!-- org.shweta.tests.IndeedTestNGTests -->
